[2018-07-03T19:38:11.556] [INFO] dateFileLog - GET /
[2018-07-03T19:38:11.778] [INFO] dateFileLog - GET /view/css/base.css
[2018-07-03T19:38:11.804] [INFO] dateFileLog - GET /view/image/logo-convert.png
[2018-07-03T19:38:11.817] [INFO] dateFileLog - GET /index.js
[2018-07-03T19:38:11.822] [INFO] dateFileLog - GET /view/js/jquery-1.9.1.min.js
[2018-07-03T19:38:11.864] [INFO] dateFileLog - GET /view/image/loading_3.gif
[2018-07-03T19:38:11.872] [INFO] dateFileLog - GET /view/image/unselect.png
[2018-07-03T19:38:11.949] [INFO] dateFileLog - GET /view/image/favicon.ico
[2018-07-03T19:39:24.115] [INFO] dateFileLog - GET /
[2018-07-03T19:39:24.134] [WARN] dateFileLog - GET /view/css/base.css
[2018-07-03T19:39:24.135] [WARN] dateFileLog - GET /view/image/logo-convert.png
[2018-07-03T19:39:24.136] [WARN] dateFileLog - GET /view/js/jquery-1.9.1.min.js
[2018-07-03T19:39:24.138] [WARN] dateFileLog - GET /index.js
[2018-07-03T19:39:24.139] [WARN] dateFileLog - GET /view/image/loading_3.gif
[2018-07-03T19:39:24.139] [WARN] dateFileLog - GET /view/image/unselect.png
[2018-07-03T19:39:24.172] [INFO] dateFileLog - GET /view/image/favicon.ico
[2018-07-03T19:40:52.387] [WARN] dateFileLog - GET /
[2018-07-03T19:40:52.398] [WARN] dateFileLog - GET /view/image/logo-convert.png
[2018-07-03T19:40:52.398] [INFO] dateFileLog - GET /view/css/base.css
[2018-07-03T19:40:52.401] [WARN] dateFileLog - GET /view/js/jquery-1.9.1.min.js
[2018-07-03T19:40:52.401] [WARN] dateFileLog - GET /index.js
[2018-07-03T19:40:52.401] [WARN] dateFileLog - GET /view/image/unselect.png
[2018-07-03T19:40:52.402] [WARN] dateFileLog - GET /view/image/loading_3.gif
[2018-07-03T19:40:52.437] [INFO] dateFileLog - GET /view/image/favicon.ico
[2018-07-03T19:41:01.732] [WARN] dateFileLog - GET /
[2018-07-03T19:41:01.741] [INFO] dateFileLog - GET /view/css/base.css
[2018-07-03T19:41:01.742] [WARN] dateFileLog - GET /view/image/logo-convert.png
[2018-07-03T19:41:01.747] [WARN] dateFileLog - GET /view/js/jquery-1.9.1.min.js
[2018-07-03T19:41:01.748] [WARN] dateFileLog - GET /index.js
[2018-07-03T19:41:01.750] [WARN] dateFileLog - GET /view/image/unselect.png
[2018-07-03T19:41:01.751] [WARN] dateFileLog - GET /view/image/loading_3.gif
[2018-07-03T19:41:01.775] [INFO] dateFileLog - GET /view/image/favicon.ico
[2018-07-03T19:41:36.199] [INFO] dateFileLog - GET /
[2018-07-03T19:41:36.209] [WARN] dateFileLog - GET /view/css/base.css
[2018-07-03T19:41:36.210] [WARN] dateFileLog - GET /view/image/logo-convert.png
[2018-07-03T19:41:36.212] [WARN] dateFileLog - GET /view/js/jquery-1.9.1.min.js
[2018-07-03T19:41:36.213] [WARN] dateFileLog - GET /view/image/loading_3.gif
[2018-07-03T19:41:36.214] [WARN] dateFileLog - GET /view/image/unselect.png
[2018-07-03T19:41:36.215] [WARN] dateFileLog - GET /index.js
[2018-07-03T19:41:36.239] [INFO] dateFileLog - GET /view/image/favicon.ico
[2018-07-03T19:41:55.500] [INFO] dateFileLog - GET /
[2018-07-03T19:41:55.520] [WARN] dateFileLog - GET /view/css/base.css
[2018-07-03T19:41:55.543] [WARN] dateFileLog - GET /view/image/logo-convert.png
[2018-07-03T19:41:55.543] [WARN] dateFileLog - GET /view/js/jquery-1.9.1.min.js
[2018-07-03T19:41:55.547] [WARN] dateFileLog - GET /index.js
[2018-07-03T19:41:55.548] [WARN] dateFileLog - GET /view/image/loading_3.gif
[2018-07-03T19:41:55.549] [WARN] dateFileLog - GET /view/image/unselect.png
[2018-07-03T19:41:55.564] [INFO] dateFileLog - GET /view/image/favicon.ico
[2018-07-03T19:43:32.790] [INFO] dateFileLog - GET /
[2018-07-03T19:43:32.798] [WARN] dateFileLog - GET /view/css/base.css
[2018-07-03T19:43:32.801] [WARN] dateFileLog - GET /view/image/logo-convert.png
[2018-07-03T19:43:32.802] [WARN] dateFileLog - GET /view/js/jquery-1.9.1.min.js
[2018-07-03T19:43:32.804] [WARN] dateFileLog - GET /view/image/loading_3.gif
[2018-07-03T19:43:32.805] [WARN] dateFileLog - GET /view/image/unselect.png
[2018-07-03T19:43:32.806] [WARN] dateFileLog - GET /index.js
[2018-07-03T19:43:32.826] [INFO] dateFileLog - GET /view/image/favicon.ico
[2018-07-03T19:43:50.865] [INFO] dateFileLog - GET /
[2018-07-03T19:43:50.874] [WARN] dateFileLog - GET /view/css/base.css
[2018-07-03T19:43:50.879] [WARN] dateFileLog - GET /view/image/logo-convert.png
[2018-07-03T19:43:50.880] [WARN] dateFileLog - GET /view/js/jquery-1.9.1.min.js
[2018-07-03T19:43:50.880] [WARN] dateFileLog - GET /view/image/unselect.png
[2018-07-03T19:43:50.881] [WARN] dateFileLog - GET /view/image/loading_3.gif
[2018-07-03T19:43:50.882] [WARN] dateFileLog - GET /index.js
[2018-07-03T19:43:50.906] [INFO] dateFileLog - GET /view/image/favicon.ico
[2018-07-03T19:44:10.189] [INFO] dateFileLog - GET /
[2018-07-03T19:44:10.203] [WARN] dateFileLog - GET /view/css/base.css
[2018-07-03T19:44:10.204] [WARN] dateFileLog - GET /view/image/logo-convert.png
[2018-07-03T19:44:10.206] [WARN] dateFileLog - GET /view/js/jquery-1.9.1.min.js
[2018-07-03T19:44:10.208] [WARN] dateFileLog - GET /view/image/unselect.png
[2018-07-03T19:44:10.208] [WARN] dateFileLog - GET /index.js
[2018-07-03T19:44:10.209] [WARN] dateFileLog - GET /view/image/loading_3.gif
[2018-07-03T19:44:10.240] [INFO] dateFileLog - GET /view/image/favicon.ico
[2018-07-03T19:47:34.156] [INFO] dateFileLog - GET /
[2018-07-03T19:47:34.164] [WARN] dateFileLog - GET /view/css/base.css
[2018-07-03T19:47:34.167] [WARN] dateFileLog - GET /view/image/logo-convert.png
[2018-07-03T19:47:34.168] [WARN] dateFileLog - GET /view/js/jquery-1.9.1.min.js
[2018-07-03T19:47:34.169] [WARN] dateFileLog - GET /index.js
[2018-07-03T19:47:34.169] [WARN] dateFileLog - GET /view/image/loading_3.gif
[2018-07-03T19:47:34.170] [WARN] dateFileLog - GET /view/image/unselect.png
[2018-07-03T19:47:34.193] [INFO] dateFileLog - GET /view/image/favicon.ico
[2018-07-03T19:51:23.806] [INFO] dateFileLog - GET /
[2018-07-03T19:51:23.814] [WARN] dateFileLog - GET /view/css/base.css
[2018-07-03T19:51:23.815] [WARN] dateFileLog - GET /view/image/logo-convert.png
[2018-07-03T19:51:23.817] [WARN] dateFileLog - GET /view/js/jquery-1.9.1.min.js
[2018-07-03T19:51:23.818] [WARN] dateFileLog - GET /view/image/loading_3.gif
[2018-07-03T19:51:23.819] [WARN] dateFileLog - GET /view/image/unselect.png
[2018-07-03T19:51:23.819] [WARN] dateFileLog - GET /index.js
[2018-07-03T19:51:23.852] [INFO] dateFileLog - GET /view/image/favicon.ico
[2018-07-03T19:51:36.525] [INFO] dateFileLog - GET /
[2018-07-03T19:51:36.538] [WARN] dateFileLog - GET /view/css/base.css
[2018-07-03T19:51:36.538] [WARN] dateFileLog - GET /view/image/logo-convert.png
[2018-07-03T19:51:36.539] [WARN] dateFileLog - GET /view/js/jquery-1.9.1.min.js
[2018-07-03T19:51:36.540] [WARN] dateFileLog - GET /index.js
[2018-07-03T19:51:36.541] [WARN] dateFileLog - GET /view/image/unselect.png
[2018-07-03T19:51:36.542] [WARN] dateFileLog - GET /view/image/loading_3.gif
[2018-07-03T19:51:36.560] [INFO] dateFileLog - GET /view/image/favicon.ico
[2018-07-03T19:51:51.433] [WARN] dateFileLog - GET /
[2018-07-03T19:51:51.443] [WARN] dateFileLog - GET /view/image/logo-convert.png
[2018-07-03T19:51:51.443] [INFO] dateFileLog - GET /view/css/base.css
[2018-07-03T19:51:51.444] [WARN] dateFileLog - GET /view/js/jquery-1.9.1.min.js
[2018-07-03T19:51:51.446] [WARN] dateFileLog - GET /index.js
[2018-07-03T19:51:51.449] [WARN] dateFileLog - GET /view/image/unselect.png
[2018-07-03T19:51:51.451] [WARN] dateFileLog - GET /view/image/loading_3.gif
[2018-07-03T19:51:51.476] [INFO] dateFileLog - GET /view/image/favicon.ico
[2018-07-03T19:51:57.168] [WARN] dateFileLog - GET /view/css/base.css
[2018-07-03T19:55:42.695] [INFO] dateFileLog - GET /
[2018-07-03T19:55:42.706] [WARN] dateFileLog - GET /view/css/base.css
[2018-07-03T19:55:42.708] [WARN] dateFileLog - GET /view/image/logo-convert.png
[2018-07-03T19:55:42.709] [WARN] dateFileLog - GET /view/js/jquery-1.9.1.min.js
[2018-07-03T19:55:42.710] [WARN] dateFileLog - GET /view/image/unselect.png
[2018-07-03T19:55:42.711] [WARN] dateFileLog - GET /view/image/loading_3.gif
[2018-07-03T19:55:42.711] [INFO] dateFileLog - GET /index.js
[2018-07-03T19:55:42.736] [INFO] dateFileLog - GET /view/image/favicon.ico
[2018-07-03T19:58:56.507] [INFO] dateFileLog - GET /
[2018-07-03T19:58:56.518] [WARN] dateFileLog - GET /view/css/base.css
[2018-07-03T19:58:56.520] [WARN] dateFileLog - GET /view/image/logo-convert.png
[2018-07-03T19:58:56.522] [WARN] dateFileLog - GET /view/js/jquery-1.9.1.min.js
[2018-07-03T19:58:56.525] [WARN] dateFileLog - GET /view/image/unselect.png
[2018-07-03T19:58:56.525] [WARN] dateFileLog - GET /index.js
[2018-07-03T19:58:56.525] [WARN] dateFileLog - GET /view/image/loading_3.gif
[2018-07-03T19:58:56.573] [INFO] dateFileLog - GET /view/image/favicon.ico
[2018-07-03T19:58:58.278] [WARN] dateFileLog - GET /
[2018-07-03T19:58:58.291] [WARN] dateFileLog - GET /view/css/base.css
[2018-07-03T19:58:58.292] [WARN] dateFileLog - GET /view/image/logo-convert.png
[2018-07-03T19:58:58.295] [WARN] dateFileLog - GET /view/js/jquery-1.9.1.min.js
[2018-07-03T19:58:58.295] [WARN] dateFileLog - GET /index.js
[2018-07-03T19:58:58.296] [WARN] dateFileLog - GET /view/image/unselect.png
[2018-07-03T19:58:58.296] [WARN] dateFileLog - GET /view/image/loading_3.gif
[2018-07-03T19:58:58.317] [INFO] dateFileLog - GET /view/image/favicon.ico
[2018-07-03T19:59:21.754] [INFO] dateFileLog - GET /
[2018-07-03T19:59:21.762] [WARN] dateFileLog - GET /view/css/base.css
[2018-07-03T19:59:21.767] [WARN] dateFileLog - GET /view/image/logo-convert.png
[2018-07-03T19:59:21.768] [WARN] dateFileLog - GET /view/js/jquery-1.9.1.min.js
[2018-07-03T19:59:21.768] [WARN] dateFileLog - GET /view/image/unselect.png
[2018-07-03T19:59:21.768] [WARN] dateFileLog - GET /view/image/loading_3.gif
[2018-07-03T19:59:21.768] [WARN] dateFileLog - GET /index.js
[2018-07-03T19:59:21.789] [INFO] dateFileLog - GET /view/image/favicon.ico
[2018-07-03T19:59:52.630] [INFO] dateFileLog - GET /
[2018-07-03T19:59:52.643] [WARN] dateFileLog - GET /view/css/base.css
[2018-07-03T19:59:52.645] [WARN] dateFileLog - GET /view/js/jquery-1.9.1.min.js
[2018-07-03T19:59:52.649] [WARN] dateFileLog - GET /view/image/loading_3.gif
[2018-07-03T19:59:52.649] [WARN] dateFileLog - GET /index.js
[2018-07-03T19:59:52.649] [WARN] dateFileLog - GET /view/image/logo-convert.png
[2018-07-03T19:59:52.650] [WARN] dateFileLog - GET /view/image/unselect.png
[2018-07-03T19:59:52.678] [INFO] dateFileLog - GET /view/image/favicon.ico
[2018-07-03T20:01:15.521] [INFO] dateFileLog - GET /
[2018-07-03T20:01:15.529] [WARN] dateFileLog - GET /view/css/base.css
[2018-07-03T20:01:15.530] [WARN] dateFileLog - GET /view/image/logo-convert.png
[2018-07-03T20:01:15.532] [WARN] dateFileLog - GET /view/js/jquery-1.9.1.min.js
[2018-07-03T20:01:15.533] [WARN] dateFileLog - GET /view/image/loading_3.gif
[2018-07-03T20:01:15.536] [WARN] dateFileLog - GET /view/image/unselect.png
[2018-07-03T20:01:15.537] [WARN] dateFileLog - GET /index.js
[2018-07-03T20:01:15.569] [INFO] dateFileLog - GET /view/image/favicon.ico
[2018-07-03T20:02:43.133] [INFO] dateFileLog - GET /
[2018-07-03T20:02:43.147] [WARN] dateFileLog - GET /view/image/logo-convert.png
[2018-07-03T20:02:43.147] [INFO] dateFileLog - GET /view/css/base.css
[2018-07-03T20:02:43.148] [WARN] dateFileLog - GET /view/js/jquery-1.9.1.min.js
[2018-07-03T20:02:43.149] [WARN] dateFileLog - GET /index.js
[2018-07-03T20:02:43.151] [WARN] dateFileLog - GET /view/image/unselect.png
[2018-07-03T20:02:43.151] [WARN] dateFileLog - GET /view/image/loading_3.gif
[2018-07-03T20:02:43.173] [INFO] dateFileLog - GET /view/image/favicon.ico
[2018-07-03T20:02:44.670] [WARN] dateFileLog - GET /
[2018-07-03T20:02:44.684] [WARN] dateFileLog - GET /view/css/base.css
[2018-07-03T20:02:44.686] [WARN] dateFileLog - GET /view/image/logo-convert.png
[2018-07-03T20:02:44.689] [WARN] dateFileLog - GET /view/js/jquery-1.9.1.min.js
[2018-07-03T20:02:44.689] [WARN] dateFileLog - GET /index.js
[2018-07-03T20:02:44.689] [WARN] dateFileLog - GET /view/image/unselect.png
[2018-07-03T20:02:44.690] [WARN] dateFileLog - GET /view/image/loading_3.gif
[2018-07-03T20:02:44.715] [INFO] dateFileLog - GET /view/image/favicon.ico
[2018-07-03T20:03:07.476] [WARN] dateFileLog - GET /
[2018-07-03T20:03:07.483] [INFO] dateFileLog - GET /view/css/base.css
[2018-07-03T20:03:07.489] [WARN] dateFileLog - GET /view/js/jquery-1.9.1.min.js
[2018-07-03T20:03:07.490] [WARN] dateFileLog - GET /view/image/logo-convert.png
[2018-07-03T20:03:07.495] [WARN] dateFileLog - GET /view/image/loading_3.gif
[2018-07-03T20:03:07.496] [WARN] dateFileLog - GET /index.js
[2018-07-03T20:03:07.499] [WARN] dateFileLog - GET /view/image/unselect.png
[2018-07-03T20:03:07.531] [INFO] dateFileLog - GET /view/image/favicon.ico
[2018-07-03T20:03:23.008] [WARN] dateFileLog - GET /
[2018-07-03T20:03:23.016] [INFO] dateFileLog - GET /view/css/base.css
[2018-07-03T20:03:23.017] [WARN] dateFileLog - GET /view/image/logo-convert.png
[2018-07-03T20:03:23.018] [WARN] dateFileLog - GET /view/js/jquery-1.9.1.min.js
[2018-07-03T20:03:23.020] [WARN] dateFileLog - GET /view/image/loading_3.gif
[2018-07-03T20:03:23.020] [WARN] dateFileLog - GET /index.js
[2018-07-03T20:03:23.021] [WARN] dateFileLog - GET /view/image/unselect.png
[2018-07-03T20:03:23.053] [INFO] dateFileLog - GET /view/image/favicon.ico
[2018-07-03T20:03:30.281] [WARN] dateFileLog - GET /
[2018-07-03T20:03:30.290] [INFO] dateFileLog - GET /view/css/base.css
[2018-07-03T20:03:30.296] [WARN] dateFileLog - GET /view/image/logo-convert.png
[2018-07-03T20:03:30.297] [WARN] dateFileLog - GET /view/js/jquery-1.9.1.min.js
[2018-07-03T20:03:30.300] [WARN] dateFileLog - GET /view/image/unselect.png
[2018-07-03T20:03:30.300] [WARN] dateFileLog - GET /index.js
[2018-07-03T20:03:30.301] [WARN] dateFileLog - GET /view/image/loading_3.gif
[2018-07-03T20:03:30.333] [INFO] dateFileLog - GET /view/image/favicon.ico
[2018-07-03T20:04:31.677] [INFO] dateFileLog - GET /
[2018-07-03T20:04:31.687] [INFO] dateFileLog - GET /view/css/base.css
[2018-07-03T20:04:31.688] [WARN] dateFileLog - GET /view/image/logo-convert.png
[2018-07-03T20:04:31.693] [WARN] dateFileLog - GET /view/js/jquery-1.9.1.min.js
[2018-07-03T20:04:31.694] [WARN] dateFileLog - GET /view/image/unselect.png
[2018-07-03T20:04:31.695] [WARN] dateFileLog - GET /index.js
[2018-07-03T20:04:31.696] [WARN] dateFileLog - GET /view/image/loading_3.gif
[2018-07-03T20:04:31.735] [INFO] dateFileLog - GET /view/image/favicon.ico
[2018-07-03T20:05:24.653] [INFO] dateFileLog - GET /
[2018-07-03T20:05:24.665] [INFO] dateFileLog - GET /view/css/base.css
[2018-07-03T20:05:24.666] [WARN] dateFileLog - GET /view/image/logo-convert.png
[2018-07-03T20:05:24.668] [WARN] dateFileLog - GET /view/js/jquery-1.9.1.min.js
[2018-07-03T20:05:24.669] [WARN] dateFileLog - GET /view/image/loading_3.gif
[2018-07-03T20:05:24.669] [WARN] dateFileLog - GET /index.js
[2018-07-03T20:05:24.670] [WARN] dateFileLog - GET /view/image/unselect.png
[2018-07-03T20:05:24.713] [INFO] dateFileLog - GET /view/image/favicon.ico
[2018-07-03T20:05:35.977] [INFO] dateFileLog - GET /
[2018-07-03T20:05:35.988] [WARN] dateFileLog - GET /view/css/base.css
[2018-07-03T20:05:35.990] [WARN] dateFileLog - GET /view/image/logo-convert.png
[2018-07-03T20:05:35.991] [WARN] dateFileLog - GET /view/js/jquery-1.9.1.min.js
[2018-07-03T20:05:35.992] [WARN] dateFileLog - GET /index.js
[2018-07-03T20:05:35.994] [WARN] dateFileLog - GET /view/image/loading_3.gif
[2018-07-03T20:05:35.995] [WARN] dateFileLog - GET /view/image/unselect.png
[2018-07-03T20:05:36.022] [INFO] dateFileLog - GET /view/image/favicon.ico
[2018-07-03T20:06:02.237] [INFO] dateFileLog - GET /
[2018-07-03T20:06:02.247] [WARN] dateFileLog - GET /view/css/base.css
[2018-07-03T20:06:02.250] [WARN] dateFileLog - GET /view/image/logo-convert.png
[2018-07-03T20:06:02.250] [WARN] dateFileLog - GET /view/js/jquery-1.9.1.min.js
[2018-07-03T20:06:02.251] [WARN] dateFileLog - GET /view/image/loading_3.gif
[2018-07-03T20:06:02.254] [WARN] dateFileLog - GET /index.js
[2018-07-03T20:06:02.256] [WARN] dateFileLog - GET /view/image/unselect.png
[2018-07-03T20:06:02.274] [INFO] dateFileLog - GET /view/image/favicon.ico
[2018-07-03T20:06:23.842] [INFO] dateFileLog - GET /
[2018-07-03T20:06:23.854] [WARN] dateFileLog - GET /view/css/base.css
[2018-07-03T20:06:23.856] [WARN] dateFileLog - GET /view/image/logo-convert.png
[2018-07-03T20:06:23.858] [WARN] dateFileLog - GET /view/js/jquery-1.9.1.min.js
[2018-07-03T20:06:23.860] [WARN] dateFileLog - GET /view/image/unselect.png
[2018-07-03T20:06:23.861] [WARN] dateFileLog - GET /index.js
[2018-07-03T20:06:23.861] [WARN] dateFileLog - GET /view/image/loading_3.gif
[2018-07-03T20:06:23.879] [INFO] dateFileLog - GET /view/image/favicon.ico
[2018-07-03T20:06:30.948] [INFO] dateFileLog - GET /
[2018-07-03T20:06:30.959] [WARN] dateFileLog - GET /view/css/base.css
[2018-07-03T20:06:30.960] [WARN] dateFileLog - GET /view/image/logo-convert.png
[2018-07-03T20:06:30.962] [WARN] dateFileLog - GET /view/js/jquery-1.9.1.min.js
[2018-07-03T20:06:30.964] [WARN] dateFileLog - GET /view/image/loading_3.gif
[2018-07-03T20:06:30.965] [WARN] dateFileLog - GET /index.js
[2018-07-03T20:06:30.966] [WARN] dateFileLog - GET /view/image/unselect.png
[2018-07-03T20:06:30.988] [INFO] dateFileLog - GET /view/image/favicon.ico
[2018-07-03T20:07:03.316] [INFO] dateFileLog - GET /
[2018-07-03T20:07:03.325] [WARN] dateFileLog - GET /view/css/base.css
[2018-07-03T20:07:03.328] [WARN] dateFileLog - GET /view/image/logo-convert.png
[2018-07-03T20:07:03.329] [WARN] dateFileLog - GET /view/js/jquery-1.9.1.min.js
[2018-07-03T20:07:03.330] [WARN] dateFileLog - GET /view/image/unselect.png
[2018-07-03T20:07:03.330] [WARN] dateFileLog - GET /index.js
[2018-07-03T20:07:03.330] [WARN] dateFileLog - GET /view/image/loading_3.gif
[2018-07-03T20:07:03.355] [INFO] dateFileLog - GET /view/image/favicon.ico
[2018-07-03T20:10:41.162] [INFO] dateFileLog - GET /
[2018-07-03T20:10:41.172] [WARN] dateFileLog - GET /view/css/base.css
[2018-07-03T20:10:41.175] [WARN] dateFileLog - GET /view/image/logo-convert.png
[2018-07-03T20:10:41.177] [WARN] dateFileLog - GET /view/js/jquery-1.9.1.min.js
[2018-07-03T20:10:41.178] [WARN] dateFileLog - GET /view/image/loading_3.gif
[2018-07-03T20:10:41.179] [WARN] dateFileLog - GET /index.js
[2018-07-03T20:10:41.179] [WARN] dateFileLog - GET /view/image/unselect.png
[2018-07-03T20:10:41.246] [INFO] dateFileLog - GET /view/image/favicon.ico
[2018-07-03T20:11:16.613] [INFO] dateFileLog - GET /
[2018-07-03T20:11:16.624] [WARN] dateFileLog - GET /view/css/base.css
[2018-07-03T20:11:16.625] [WARN] dateFileLog - GET /view/image/logo-convert.png
[2018-07-03T20:11:16.626] [WARN] dateFileLog - GET /view/js/jquery-1.9.1.min.js
[2018-07-03T20:11:16.627] [WARN] dateFileLog - GET /view/image/unselect.png
[2018-07-03T20:11:16.628] [WARN] dateFileLog - GET /view/image/loading_3.gif
[2018-07-03T20:11:16.628] [WARN] dateFileLog - GET /index.js
[2018-07-03T20:11:16.657] [INFO] dateFileLog - GET /view/image/favicon.ico
[2018-07-03T20:11:21.360] [INFO] dateFileLog - GET /
[2018-07-03T20:11:21.371] [WARN] dateFileLog - GET /view/css/base.css
[2018-07-03T20:11:21.371] [WARN] dateFileLog - GET /view/image/logo-convert.png
[2018-07-03T20:11:21.374] [WARN] dateFileLog - GET /view/js/jquery-1.9.1.min.js
[2018-07-03T20:11:21.375] [WARN] dateFileLog - GET /index.js
[2018-07-03T20:11:21.375] [WARN] dateFileLog - GET /view/image/unselect.png
[2018-07-03T20:11:21.375] [WARN] dateFileLog - GET /view/image/loading_3.gif
[2018-07-03T20:11:21.412] [INFO] dateFileLog - GET /view/image/favicon.ico
[2018-07-03T20:12:05.496] [INFO] dateFileLog - GET /
[2018-07-03T20:12:05.514] [WARN] dateFileLog - GET /view/css/base.css
[2018-07-03T20:12:05.516] [WARN] dateFileLog - GET /view/image/logo-convert.png
[2018-07-03T20:12:05.516] [WARN] dateFileLog - GET /view/js/jquery-1.9.1.min.js
[2018-07-03T20:12:05.517] [WARN] dateFileLog - GET /index.js
[2018-07-03T20:12:05.518] [WARN] dateFileLog - GET /view/image/unselect.png
[2018-07-03T20:12:05.518] [WARN] dateFileLog - GET /view/image/loading_3.gif
[2018-07-03T20:12:05.542] [INFO] dateFileLog - GET /view/image/favicon.ico
[2018-07-03T20:12:07.116] [WARN] dateFileLog - GET /
[2018-07-03T20:12:07.124] [WARN] dateFileLog - GET /view/css/base.css
[2018-07-03T20:12:07.125] [WARN] dateFileLog - GET /view/image/logo-convert.png
[2018-07-03T20:12:07.130] [WARN] dateFileLog - GET /view/js/jquery-1.9.1.min.js
[2018-07-03T20:12:07.131] [WARN] dateFileLog - GET /index.js
[2018-07-03T20:12:07.131] [WARN] dateFileLog - GET /view/image/unselect.png
[2018-07-03T20:12:07.132] [WARN] dateFileLog - GET /view/image/loading_3.gif
[2018-07-03T20:12:07.150] [INFO] dateFileLog - GET /view/image/favicon.ico
[2018-07-03T20:12:29.060] [INFO] dateFileLog - GET /
[2018-07-03T20:12:29.070] [WARN] dateFileLog - GET /view/css/base.css
[2018-07-03T20:12:29.072] [WARN] dateFileLog - GET /view/image/logo-convert.png
[2018-07-03T20:12:29.076] [WARN] dateFileLog - GET /view/js/jquery-1.9.1.min.js
[2018-07-03T20:12:29.080] [WARN] dateFileLog - GET /view/image/unselect.png
[2018-07-03T20:12:29.081] [WARN] dateFileLog - GET /view/image/loading_3.gif
[2018-07-03T20:12:29.081] [WARN] dateFileLog - GET /index.js
[2018-07-03T20:12:29.104] [INFO] dateFileLog - GET /view/image/favicon.ico
[2018-07-03T20:12:29.998] [WARN] dateFileLog - GET /
[2018-07-03T20:12:30.006] [WARN] dateFileLog - GET /view/css/base.css
[2018-07-03T20:12:30.006] [WARN] dateFileLog - GET /view/image/logo-convert.png
[2018-07-03T20:12:30.009] [WARN] dateFileLog - GET /view/js/jquery-1.9.1.min.js
[2018-07-03T20:12:30.009] [WARN] dateFileLog - GET /index.js
[2018-07-03T20:12:30.013] [WARN] dateFileLog - GET /view/image/unselect.png
[2018-07-03T20:12:30.013] [WARN] dateFileLog - GET /view/image/loading_3.gif
[2018-07-03T20:12:30.034] [INFO] dateFileLog - GET /view/image/favicon.ico
[2018-07-03T20:12:39.090] [INFO] dateFileLog - GET /
[2018-07-03T20:12:39.101] [WARN] dateFileLog - GET /view/css/base.css
[2018-07-03T20:12:39.103] [WARN] dateFileLog - GET /view/image/logo-convert.png
[2018-07-03T20:12:39.105] [WARN] dateFileLog - GET /view/js/jquery-1.9.1.min.js
[2018-07-03T20:12:39.105] [WARN] dateFileLog - GET /view/image/unselect.png
[2018-07-03T20:12:39.106] [WARN] dateFileLog - GET /view/image/loading_3.gif
[2018-07-03T20:12:39.106] [WARN] dateFileLog - GET /index.js
[2018-07-03T20:12:39.259] [INFO] dateFileLog - GET /view/image/favicon.ico
[2018-07-03T20:13:04.902] [INFO] dateFileLog - GET /
[2018-07-03T20:13:04.913] [WARN] dateFileLog - GET /view/css/base.css
[2018-07-03T20:13:04.914] [WARN] dateFileLog - GET /view/image/logo-convert.png
[2018-07-03T20:13:04.917] [WARN] dateFileLog - GET /view/js/jquery-1.9.1.min.js
[2018-07-03T20:13:04.918] [WARN] dateFileLog - GET /view/image/loading_3.gif
[2018-07-03T20:13:04.919] [WARN] dateFileLog - GET /view/image/unselect.png
[2018-07-03T20:13:04.920] [WARN] dateFileLog - GET /index.js
[2018-07-03T20:13:04.950] [INFO] dateFileLog - GET /view/image/favicon.ico
[2018-07-03T20:13:47.970] [INFO] dateFileLog - GET /
[2018-07-03T20:13:47.982] [WARN] dateFileLog - GET /view/css/base.css
[2018-07-03T20:13:47.987] [WARN] dateFileLog - GET /view/js/jquery-1.9.1.min.js
[2018-07-03T20:13:47.987] [WARN] dateFileLog - GET /view/image/logo-convert.png
[2018-07-03T20:13:47.989] [WARN] dateFileLog - GET /view/image/loading_3.gif
[2018-07-03T20:13:47.990] [WARN] dateFileLog - GET /view/image/unselect.png
[2018-07-03T20:13:47.990] [WARN] dateFileLog - GET /index.js
[2018-07-03T20:13:48.025] [INFO] dateFileLog - GET /view/image/favicon.ico
[2018-07-03T20:14:07.652] [INFO] dateFileLog - GET /
[2018-07-03T20:14:07.661] [WARN] dateFileLog - GET /view/css/base.css
[2018-07-03T20:14:07.663] [WARN] dateFileLog - GET /view/image/logo-convert.png
[2018-07-03T20:14:07.664] [WARN] dateFileLog - GET /view/js/jquery-1.9.1.min.js
[2018-07-03T20:14:07.665] [WARN] dateFileLog - GET /view/image/loading_3.gif
[2018-07-03T20:14:07.665] [WARN] dateFileLog - GET /index.js
[2018-07-03T20:14:07.666] [WARN] dateFileLog - GET /view/image/unselect.png
[2018-07-03T20:14:07.700] [INFO] dateFileLog - GET /view/image/favicon.ico
[2018-07-03T20:14:25.279] [INFO] dateFileLog - GET /
[2018-07-03T20:14:25.287] [WARN] dateFileLog - GET /view/css/base.css
[2018-07-03T20:14:25.288] [WARN] dateFileLog - GET /view/image/logo-convert.png
[2018-07-03T20:14:25.289] [WARN] dateFileLog - GET /view/js/jquery-1.9.1.min.js
[2018-07-03T20:14:25.291] [WARN] dateFileLog - GET /view/image/loading_3.gif
[2018-07-03T20:14:25.292] [WARN] dateFileLog - GET /view/image/unselect.png
[2018-07-03T20:14:25.292] [WARN] dateFileLog - GET /index.js
[2018-07-03T20:14:25.319] [INFO] dateFileLog - GET /view/image/favicon.ico
[2018-07-03T20:14:35.779] [INFO] dateFileLog - GET /
[2018-07-03T20:14:35.790] [WARN] dateFileLog - GET /view/css/base.css
[2018-07-03T20:14:35.791] [WARN] dateFileLog - GET /view/image/logo-convert.png
[2018-07-03T20:14:35.793] [WARN] dateFileLog - GET /view/js/jquery-1.9.1.min.js
[2018-07-03T20:14:35.794] [WARN] dateFileLog - GET /view/image/unselect.png
[2018-07-03T20:14:35.795] [WARN] dateFileLog - GET /index.js
[2018-07-03T20:14:35.795] [WARN] dateFileLog - GET /view/image/loading_3.gif
[2018-07-03T20:14:35.818] [INFO] dateFileLog - GET /view/image/favicon.ico
[2018-07-03T20:14:36.553] [WARN] dateFileLog - GET /
[2018-07-03T20:14:36.560] [WARN] dateFileLog - GET /view/css/base.css
[2018-07-03T20:14:36.560] [WARN] dateFileLog - GET /view/image/logo-convert.png
[2018-07-03T20:14:36.565] [WARN] dateFileLog - GET /view/js/jquery-1.9.1.min.js
[2018-07-03T20:14:36.565] [WARN] dateFileLog - GET /index.js
[2018-07-03T20:14:36.566] [WARN] dateFileLog - GET /view/image/unselect.png
[2018-07-03T20:14:36.566] [WARN] dateFileLog - GET /view/image/loading_3.gif
[2018-07-03T20:14:36.590] [INFO] dateFileLog - GET /view/image/favicon.ico
[2018-07-03T20:14:40.000] [WARN] dateFileLog - GET /view/css/base.css
[2018-07-03T20:15:45.714] [INFO] dateFileLog - GET /
[2018-07-03T20:15:45.730] [WARN] dateFileLog - GET /view/css/base.css
[2018-07-03T20:15:45.735] [WARN] dateFileLog - GET /view/image/logo-convert.png
[2018-07-03T20:15:45.737] [WARN] dateFileLog - GET /view/js/jquery-1.9.1.min.js
[2018-07-03T20:15:45.738] [WARN] dateFileLog - GET /view/image/unselect.png
[2018-07-03T20:15:45.739] [WARN] dateFileLog - GET /view/image/loading_3.gif
[2018-07-03T20:15:45.741] [WARN] dateFileLog - GET /index.js
[2018-07-03T20:16:19.550] [INFO] dateFileLog - GET /
[2018-07-03T20:16:19.562] [WARN] dateFileLog - GET /view/css/base.css
[2018-07-03T20:16:19.565] [WARN] dateFileLog - GET /view/image/logo-convert.png
[2018-07-03T20:16:19.565] [WARN] dateFileLog - GET /view/js/jquery-1.9.1.min.js
[2018-07-03T20:16:19.567] [WARN] dateFileLog - GET /view/image/unselect.png
[2018-07-03T20:16:19.569] [WARN] dateFileLog - GET /view/image/loading_3.gif
[2018-07-03T20:16:19.569] [WARN] dateFileLog - GET /index.js
[2018-07-03T20:17:55.034] [INFO] dateFileLog - GET /
[2018-07-03T20:17:55.043] [WARN] dateFileLog - GET /view/css/base.css
[2018-07-03T20:17:55.044] [WARN] dateFileLog - GET /view/image/logo-convert.png
[2018-07-03T20:17:55.048] [WARN] dateFileLog - GET /view/js/jquery-1.9.1.min.js
[2018-07-03T20:17:55.049] [WARN] dateFileLog - GET /view/image/loading_3.gif
[2018-07-03T20:17:55.050] [WARN] dateFileLog - GET /view/image/unselect.png
[2018-07-03T20:17:55.051] [WARN] dateFileLog - GET /index.js
[2018-07-03T20:17:55.087] [INFO] dateFileLog - GET /view/image/favicon.ico
[2018-07-03T20:21:15.037] [INFO] dateFileLog - POST /upload_file
