[2018-06-12T10:32:03.176] [WARN] dateFileLog - GET /
[2018-06-12T10:32:03.363] [WARN] dateFileLog - GET /view/css/base.css
[2018-06-12T10:32:03.365] [WARN] dateFileLog - GET /view/image/logo-convert.png
[2018-06-12T10:32:03.371] [WARN] dateFileLog - GET /view/image/window_test.png
[2018-06-12T10:32:03.374] [WARN] dateFileLog - GET /view/image/loading.gif
[2018-06-12T10:32:03.383] [WARN] dateFileLog - GET /view/js/jquery-3.3.1.min.js
[2018-06-12T10:32:03.419] [WARN] dateFileLog - GET /index.js
[2018-06-12T10:32:04.198] [WARN] dateFileLog - GET /favicon.ico
[2018-06-12T10:32:17.847] [INFO] dateFileLog - POST /upload_file
[2018-06-12T10:33:57.935] [INFO] dateFileLog - GET /download?name=%C2%8C%C3%99%C3%98%C3%A7%C2%A1%C2%97%C3%8B%C3%8E%C3%92%C3%98%C2%A5baihfgccacech&befor_type=m%C3%9A%C3%97&after_type={%C3%9C%C3%87%C3%92&input_test=&width=&height=&rotate=&position=s%C3%91%C3%8B%C3%9A%C3%88%C3%83%C3%9F&color=g%C3%8E%C3%8D%C3%84%C3%8E
[2018-06-12T10:36:28.132] [WARN] dateFileLog - GET /
[2018-06-12T10:36:28.142] [WARN] dateFileLog - GET /view/css/base.css
[2018-06-12T10:36:28.144] [WARN] dateFileLog - GET /view/image/logo-convert.png
[2018-06-12T10:36:28.145] [WARN] dateFileLog - GET /view/js/jquery-3.3.1.min.js
[2018-06-12T10:36:28.146] [WARN] dateFileLog - GET /index.js
[2018-06-12T10:36:28.147] [WARN] dateFileLog - GET /view/image/loading.gif
[2018-06-12T10:36:28.147] [WARN] dateFileLog - GET /view/image/window_test.png
[2018-06-12T10:36:28.166] [INFO] dateFileLog - GET /favicon.ico
[2018-06-12T10:36:29.857] [WARN] dateFileLog - GET /
[2018-06-12T10:36:29.867] [WARN] dateFileLog - GET /view/css/base.css
[2018-06-12T10:36:29.869] [WARN] dateFileLog - GET /view/image/logo-convert.png
[2018-06-12T10:36:29.885] [WARN] dateFileLog - GET /view/js/jquery-3.3.1.min.js
[2018-06-12T10:36:29.886] [WARN] dateFileLog - GET /index.js
[2018-06-12T10:36:29.887] [WARN] dateFileLog - GET /view/image/window_test.png
[2018-06-12T10:36:29.887] [WARN] dateFileLog - GET /view/image/loading.gif
[2018-06-12T10:36:29.910] [INFO] dateFileLog - GET /favicon.ico
[2018-06-12T10:37:19.645] [WARN] dateFileLog - GET /
[2018-06-12T10:37:19.655] [WARN] dateFileLog - GET /view/css/base.css
[2018-06-12T10:37:19.657] [WARN] dateFileLog - GET /view/image/logo-convert.png
[2018-06-12T10:37:19.657] [WARN] dateFileLog - GET /view/js/jquery-3.3.1.min.js
[2018-06-12T10:37:19.659] [WARN] dateFileLog - GET /view/image/window_test.png
[2018-06-12T10:37:19.659] [WARN] dateFileLog - GET /index.js
[2018-06-12T10:37:19.660] [WARN] dateFileLog - GET /view/image/loading.gif
[2018-06-12T10:37:19.675] [INFO] dateFileLog - GET /favicon.ico
[2018-06-12T10:38:47.501] [WARN] dateFileLog - GET /
[2018-06-12T10:38:47.511] [WARN] dateFileLog - GET /view/css/base.css
[2018-06-12T10:38:47.512] [WARN] dateFileLog - GET /view/image/logo-convert.png
[2018-06-12T10:38:47.514] [WARN] dateFileLog - GET /view/js/jquery-3.3.1.min.js
[2018-06-12T10:38:47.515] [WARN] dateFileLog - GET /index.js
[2018-06-12T10:38:47.516] [WARN] dateFileLog - GET /view/image/window_test.png
[2018-06-12T10:38:47.517] [WARN] dateFileLog - GET /view/image/loading.gif
[2018-06-12T10:38:47.531] [INFO] dateFileLog - GET /favicon.ico
[2018-06-12T10:39:31.382] [INFO] dateFileLog - GET /
[2018-06-12T10:39:31.391] [WARN] dateFileLog - GET /view/css/base.css
[2018-06-12T10:39:31.392] [WARN] dateFileLog - GET /view/image/logo-convert.png
[2018-06-12T10:39:31.393] [WARN] dateFileLog - GET /view/js/jquery-3.3.1.min.js
[2018-06-12T10:39:31.395] [WARN] dateFileLog - GET /view/image/loading.gif
[2018-06-12T10:39:31.395] [WARN] dateFileLog - GET /index.js
[2018-06-12T10:39:31.396] [WARN] dateFileLog - GET /view/image/window_test.png
[2018-06-12T10:39:31.422] [INFO] dateFileLog - GET /favicon.ico
[2018-06-12T10:40:46.236] [INFO] dateFileLog - GET /
[2018-06-12T10:40:46.245] [INFO] dateFileLog - GET /view/css/base.css
[2018-06-12T10:40:46.253] [INFO] dateFileLog - GET /view/image/logo-convert.png
[2018-06-12T10:40:46.254] [INFO] dateFileLog - GET /index.js
[2018-06-12T10:40:46.255] [INFO] dateFileLog - GET /view/image/loading.gif
[2018-06-12T10:40:46.259] [INFO] dateFileLog - GET /view/image/window_test.png
[2018-06-12T10:40:46.263] [INFO] dateFileLog - GET /view/js/jquery-3.3.1.min.js
[2018-06-12T10:40:46.286] [INFO] dateFileLog - GET /favicon.ico
[2018-06-12T10:40:47.250] [WARN] dateFileLog - GET /
[2018-06-12T10:40:47.258] [WARN] dateFileLog - GET /view/css/base.css
[2018-06-12T10:40:47.259] [WARN] dateFileLog - GET /view/image/logo-convert.png
[2018-06-12T10:40:47.262] [WARN] dateFileLog - GET /view/js/jquery-3.3.1.min.js
[2018-06-12T10:40:47.263] [WARN] dateFileLog - GET /index.js
[2018-06-12T10:40:47.265] [WARN] dateFileLog - GET /view/image/window_test.png
[2018-06-12T10:40:47.267] [WARN] dateFileLog - GET /view/image/loading.gif
[2018-06-12T10:40:47.285] [INFO] dateFileLog - GET /favicon.ico
[2018-06-12T10:41:37.421] [WARN] dateFileLog - GET /view/css/base.css
[2018-06-12T10:41:38.934] [INFO] dateFileLog - GET /
[2018-06-12T10:41:38.951] [WARN] dateFileLog - GET /view/css/base.css
[2018-06-12T10:41:38.954] [WARN] dateFileLog - GET /view/image/logo-convert.png
[2018-06-12T10:41:38.957] [WARN] dateFileLog - GET /view/js/jquery-3.3.1.min.js
[2018-06-12T10:41:38.963] [WARN] dateFileLog - GET /view/image/loading.gif
[2018-06-12T10:41:38.964] [WARN] dateFileLog - GET /view/image/window_test.png
[2018-06-12T10:41:38.965] [WARN] dateFileLog - GET /index.js
[2018-06-12T10:41:39.015] [WARN] dateFileLog - GET /favicon.ico
[2018-06-12T10:42:24.059] [WARN] dateFileLog - GET /favicon.ico
[2018-06-12T10:42:24.280] [WARN] dateFileLog - GET /favicon.ico
[2018-06-12T10:44:37.346] [ERROR] dateFileLog - GET /favicon.ico
[2018-06-12T10:44:37.361] [ERROR] dateFileLog - GET /favicon.ico
[2018-06-12T10:44:54.330] [INFO] dateFileLog - GET /favicon.ico
[2018-06-12T10:44:57.008] [WARN] dateFileLog - GET /
[2018-06-12T10:44:57.028] [WARN] dateFileLog - GET /view/css/base.css
[2018-06-12T10:44:57.031] [WARN] dateFileLog - GET /index.js
[2018-06-12T10:44:57.034] [WARN] dateFileLog - GET /view/image/logo-convert.png
[2018-06-12T10:44:57.035] [WARN] dateFileLog - GET /view/image/loading.gif
[2018-06-12T10:44:57.037] [WARN] dateFileLog - GET /view/image/window_test.png
[2018-06-12T10:44:57.038] [WARN] dateFileLog - GET /view/js/jquery-3.3.1.min.js
[2018-06-12T10:45:06.917] [WARN] dateFileLog - GET /
[2018-06-12T10:45:06.932] [WARN] dateFileLog - GET /view/css/base.css
[2018-06-12T10:45:06.934] [WARN] dateFileLog - GET /view/image/logo-convert.png
[2018-06-12T10:45:06.937] [WARN] dateFileLog - GET /view/js/jquery-3.3.1.min.js
[2018-06-12T10:45:06.939] [WARN] dateFileLog - GET /view/image/loading.gif
[2018-06-12T10:45:06.939] [WARN] dateFileLog - GET /view/image/window_test.png
[2018-06-12T10:45:06.943] [WARN] dateFileLog - GET /index.js
[2018-06-12T10:45:31.045] [INFO] dateFileLog - GET /
[2018-06-12T10:45:31.061] [INFO] dateFileLog - GET /view/css/base.css
[2018-06-12T10:45:31.063] [INFO] dateFileLog - GET /view/image/logo-convert.png
[2018-06-12T10:45:31.076] [INFO] dateFileLog - GET /view/js/jquery-3.3.1.min.js
[2018-06-12T10:45:31.084] [INFO] dateFileLog - GET /view/image/loading.gif
[2018-06-12T10:45:31.092] [INFO] dateFileLog - GET /index.js
[2018-06-12T10:45:31.103] [INFO] dateFileLog - GET /view/image/window_test.png
[2018-06-12T10:45:38.310] [WARN] dateFileLog - GET /
[2018-06-12T10:45:38.323] [WARN] dateFileLog - GET /view/css/base.css
[2018-06-12T10:45:38.329] [WARN] dateFileLog - GET /view/image/logo-convert.png
[2018-06-12T10:45:38.330] [WARN] dateFileLog - GET /view/js/jquery-3.3.1.min.js
[2018-06-12T10:45:38.333] [WARN] dateFileLog - GET /view/image/window_test.png
[2018-06-12T10:45:38.334] [WARN] dateFileLog - GET /index.js
[2018-06-12T10:45:38.334] [WARN] dateFileLog - GET /view/image/loading.gif
[2018-06-12T10:46:19.735] [WARN] dateFileLog - GET /
[2018-06-12T10:46:19.751] [WARN] dateFileLog - GET /view/css/base.css
[2018-06-12T10:46:19.753] [WARN] dateFileLog - GET /view/image/logo-convert.png
[2018-06-12T10:46:19.758] [WARN] dateFileLog - GET /view/js/jquery-3.3.1.min.js
[2018-06-12T10:46:19.763] [WARN] dateFileLog - GET /view/image/loading.gif
[2018-06-12T10:46:19.764] [WARN] dateFileLog - GET /index.js
[2018-06-12T10:46:19.764] [WARN] dateFileLog - GET /view/image/window_test.png
[2018-06-12T10:47:02.404] [WARN] dateFileLog - GET /
[2018-06-12T10:47:02.417] [WARN] dateFileLog - GET /view/css/base.css
[2018-06-12T10:47:02.418] [WARN] dateFileLog - GET /view/image/logo-convert.png
[2018-06-12T10:47:02.419] [WARN] dateFileLog - GET /view/js/jquery-3.3.1.min.js
[2018-06-12T10:47:02.421] [WARN] dateFileLog - GET /view/image/loading.gif
[2018-06-12T10:47:02.422] [WARN] dateFileLog - GET /view/image/window_test.png
[2018-06-12T10:47:02.426] [WARN] dateFileLog - GET /index.js
[2018-06-12T10:47:06.835] [WARN] dateFileLog - GET /
[2018-06-12T10:47:06.846] [WARN] dateFileLog - GET /view/css/base.css
[2018-06-12T10:47:06.847] [WARN] dateFileLog - GET /view/image/logo-convert.png
[2018-06-12T10:47:06.856] [WARN] dateFileLog - GET /view/js/jquery-3.3.1.min.js
[2018-06-12T10:47:06.857] [WARN] dateFileLog - GET /view/image/window_test.png
[2018-06-12T10:47:06.858] [WARN] dateFileLog - GET /view/image/loading.gif
[2018-06-12T10:47:06.860] [WARN] dateFileLog - GET /index.js
[2018-06-12T10:47:10.809] [WARN] dateFileLog - GET /
[2018-06-12T10:47:10.817] [WARN] dateFileLog - GET /view/css/base.css
[2018-06-12T10:47:10.818] [WARN] dateFileLog - GET /view/image/logo-convert.png
[2018-06-12T10:47:10.821] [WARN] dateFileLog - GET /view/js/jquery-3.3.1.min.js
[2018-06-12T10:47:10.822] [WARN] dateFileLog - GET /index.js
[2018-06-12T10:47:10.825] [WARN] dateFileLog - GET /view/image/window_test.png
[2018-06-12T10:47:10.829] [WARN] dateFileLog - GET /view/image/loading.gif
[2018-06-12T10:47:20.142] [INFO] dateFileLog - GET /
[2018-06-12T10:47:20.154] [WARN] dateFileLog - GET /view/css/base.css
[2018-06-12T10:47:20.156] [WARN] dateFileLog - GET /view/image/logo-convert.png
[2018-06-12T10:47:20.158] [WARN] dateFileLog - GET /view/js/jquery-3.3.1.min.js
[2018-06-12T10:47:20.159] [WARN] dateFileLog - GET /view/image/loading.gif
[2018-06-12T10:47:20.160] [WARN] dateFileLog - GET /index.js
[2018-06-12T10:47:20.166] [WARN] dateFileLog - GET /view/image/window_test.png
[2018-06-12T10:47:23.944] [WARN] dateFileLog - GET /
[2018-06-12T10:47:23.957] [WARN] dateFileLog - GET /view/css/base.css
[2018-06-12T10:47:23.958] [WARN] dateFileLog - GET /view/image/logo-convert.png
[2018-06-12T10:47:23.961] [WARN] dateFileLog - GET /view/js/jquery-3.3.1.min.js
[2018-06-12T10:47:23.961] [WARN] dateFileLog - GET /index.js
[2018-06-12T10:47:23.962] [WARN] dateFileLog - GET /view/image/window_test.png
[2018-06-12T10:47:23.963] [WARN] dateFileLog - GET /view/image/loading.gif
[2018-06-12T10:48:22.756] [INFO] dateFileLog - GET /
[2018-06-12T10:48:22.771] [WARN] dateFileLog - GET /view/css/base.css
[2018-06-12T10:48:22.773] [WARN] dateFileLog - GET /view/image/logo-convert.png
[2018-06-12T10:48:22.773] [WARN] dateFileLog - GET /view/js/jquery-3.3.1.min.js
[2018-06-12T10:48:22.775] [WARN] dateFileLog - GET /view/image/loading.gif
[2018-06-12T10:48:22.775] [WARN] dateFileLog - GET /index.js
[2018-06-12T10:48:37.965] [INFO] dateFileLog - GET /
[2018-06-12T10:48:37.974] [WARN] dateFileLog - GET /view/css/base.css
[2018-06-12T10:48:37.974] [WARN] dateFileLog - GET /view/image/logo-convert.png
[2018-06-12T10:48:37.979] [WARN] dateFileLog - GET /view/js/jquery-3.3.1.min.js
[2018-06-12T10:48:37.981] [WARN] dateFileLog - GET /view/image/loading.gif
[2018-06-12T10:48:37.982] [WARN] dateFileLog - GET /view/image/window_test.png
[2018-06-12T10:48:37.984] [WARN] dateFileLog - GET /index.js
[2018-06-12T10:49:02.397] [WARN] dateFileLog - GET /
[2018-06-12T10:49:02.408] [WARN] dateFileLog - GET /view/css/base.css
[2018-06-12T10:49:02.410] [WARN] dateFileLog - GET /view/image/logo-convert.png
[2018-06-12T10:49:02.411] [WARN] dateFileLog - GET /view/js/jquery-3.3.1.min.js
[2018-06-12T10:49:02.415] [WARN] dateFileLog - GET /view/image/window_test.png
[2018-06-12T10:49:02.415] [WARN] dateFileLog - GET /view/image/loading.gif
[2018-06-12T10:49:02.428] [WARN] dateFileLog - GET /index.js
[2018-06-12T10:49:08.877] [WARN] dateFileLog - GET /view/css/base.css
[2018-06-12T10:49:56.880] [WARN] dateFileLog - GET /
[2018-06-12T10:49:56.890] [WARN] dateFileLog - GET /view/css/base.css
[2018-06-12T10:49:56.892] [WARN] dateFileLog - GET /view/image/logo-convert.png
[2018-06-12T10:49:56.893] [WARN] dateFileLog - GET /view/js/jquery-3.3.1.min.js
[2018-06-12T10:49:56.895] [WARN] dateFileLog - GET /view/image/window_test.png
[2018-06-12T10:49:56.896] [WARN] dateFileLog - GET /index.js
[2018-06-12T10:49:56.898] [WARN] dateFileLog - GET /view/image/loading.gif
[2018-06-12T10:50:43.273] [INFO] dateFileLog - GET /
[2018-06-12T10:50:43.289] [INFO] dateFileLog - GET /view/css/base.css
[2018-06-12T10:50:43.291] [INFO] dateFileLog - GET /view/image/logo-convert.png
[2018-06-12T10:50:43.295] [INFO] dateFileLog - GET /view/js/jquery-3.3.1.min.js
[2018-06-12T10:50:43.300] [INFO] dateFileLog - GET /view/image/loading.gif
[2018-06-12T10:50:43.302] [INFO] dateFileLog - GET /index.js
[2018-06-12T10:50:43.326] [INFO] dateFileLog - GET /view/image/window_test.png
[2018-06-12T10:51:00.385] [WARN] dateFileLog - GET /view/image/window_test.png
[2018-06-12T10:56:36.789] [WARN] dateFileLog - GET /
[2018-06-12T10:56:36.801] [WARN] dateFileLog - GET /view/css/base.css
[2018-06-12T10:56:36.805] [WARN] dateFileLog - GET /view/image/logo-convert.png
[2018-06-12T10:56:36.806] [WARN] dateFileLog - GET /view/js/jquery-3.3.1.min.js
[2018-06-12T10:56:36.807] [WARN] dateFileLog - GET /view/image/loading.gif
[2018-06-12T10:56:36.808] [WARN] dateFileLog - GET /view/image/window_test.png
[2018-06-12T10:56:36.809] [INFO] dateFileLog - GET /index.js
[2018-06-12T10:57:48.822] [WARN] dateFileLog - GET /
[2018-06-12T10:57:48.831] [WARN] dateFileLog - GET /view/css/base.css
[2018-06-12T10:57:48.833] [WARN] dateFileLog - GET /view/image/logo-convert.png
[2018-06-12T10:57:48.834] [WARN] dateFileLog - GET /view/js/jquery-3.3.1.min.js
[2018-06-12T10:57:48.838] [WARN] dateFileLog - GET /view/image/loading.gif
[2018-06-12T10:57:48.841] [WARN] dateFileLog - GET /view/image/window_test.png
[2018-06-12T10:57:48.841] [INFO] dateFileLog - GET /index.js
[2018-06-12T10:57:55.809] [INFO] dateFileLog - POST /upload_file
[2018-06-12T10:57:58.349] [WARN] dateFileLog - GET /
[2018-06-12T10:57:58.357] [WARN] dateFileLog - GET /view/css/base.css
[2018-06-12T10:57:58.358] [WARN] dateFileLog - GET /view/image/logo-convert.png
[2018-06-12T10:57:58.361] [WARN] dateFileLog - GET /view/js/jquery-3.3.1.min.js
[2018-06-12T10:57:58.364] [WARN] dateFileLog - GET /view/image/loading.gif
[2018-06-12T10:57:58.365] [WARN] dateFileLog - GET /index.js
[2018-06-12T10:57:58.368] [WARN] dateFileLog - GET /view/image/window_test.png
[2018-06-12T11:04:20.393] [WARN] dateFileLog - GET /
[2018-06-12T11:04:20.402] [WARN] dateFileLog - GET /view/css/base.css
[2018-06-12T11:04:20.403] [WARN] dateFileLog - GET /view/image/logo-convert.png
[2018-06-12T11:04:20.406] [WARN] dateFileLog - GET /view/js/jquery-3.3.1.min.js
[2018-06-12T11:04:20.407] [WARN] dateFileLog - GET /view/image/loading.gif
[2018-06-12T11:04:20.409] [WARN] dateFileLog - GET /index.js
[2018-06-12T11:04:20.410] [WARN] dateFileLog - GET /view/image/window_test.png
[2018-06-12T11:05:57.158] [WARN] dateFileLog - GET /
[2018-06-12T11:05:57.169] [WARN] dateFileLog - GET /view/css/base.css
[2018-06-12T11:05:57.172] [WARN] dateFileLog - GET /view/image/logo-convert.png
[2018-06-12T11:05:57.174] [WARN] dateFileLog - GET /view/js/jquery-3.3.1.min.js
[2018-06-12T11:05:57.176] [WARN] dateFileLog - GET /index.js
[2018-06-12T11:05:57.177] [WARN] dateFileLog - GET /view/image/loading.gif
[2018-06-12T11:05:57.185] [INFO] dateFileLog - GET /view/image/window_test.png
[2018-06-12T11:05:59.851] [WARN] dateFileLog - GET /
[2018-06-12T11:05:59.860] [WARN] dateFileLog - GET /view/css/base.css
[2018-06-12T11:05:59.861] [WARN] dateFileLog - GET /view/image/logo-convert.png
[2018-06-12T11:05:59.865] [WARN] dateFileLog - GET /view/js/jquery-3.3.1.min.js
[2018-06-12T11:05:59.870] [WARN] dateFileLog - GET /index.js
[2018-06-12T11:05:59.872] [WARN] dateFileLog - GET /view/image/window_test.png
[2018-06-12T11:05:59.873] [WARN] dateFileLog - GET /view/image/loading.gif
[2018-06-12T11:06:28.099] [WARN] dateFileLog - GET /view/image/window_test.png
[2018-06-12T11:06:58.229] [WARN] dateFileLog - GET /
[2018-06-12T11:06:58.238] [WARN] dateFileLog - GET /view/css/base.css
[2018-06-12T11:06:58.247] [WARN] dateFileLog - GET /view/js/jquery-3.3.1.min.js
[2018-06-12T11:06:58.250] [WARN] dateFileLog - GET /view/image/window_test.png
[2018-06-12T11:06:58.251] [WARN] dateFileLog - GET /index.js
[2018-06-12T11:06:58.252] [WARN] dateFileLog - GET /view/image/logo-convert.png
[2018-06-12T11:06:58.253] [WARN] dateFileLog - GET /view/image/loading.gif
[2018-06-12T11:09:31.200] [INFO] dateFileLog - GET /
[2018-06-12T11:09:31.217] [WARN] dateFileLog - GET /view/css/base.css
[2018-06-12T11:09:31.221] [WARN] dateFileLog - GET /view/js/jquery-3.3.1.min.js
[2018-06-12T11:09:31.223] [WARN] dateFileLog - GET /view/image/window_test.png
[2018-06-12T11:09:31.225] [WARN] dateFileLog - GET /view/image/loading.gif
[2018-06-12T11:09:31.227] [WARN] dateFileLog - GET /index.js
[2018-06-12T11:09:31.296] [INFO] dateFileLog - GET /view/image/windows2000.png
[2018-06-12T11:09:31.410] [WARN] dateFileLog - GET /view/image/windows2000.png
[2018-06-12T11:09:44.689] [INFO] dateFileLog - GET /
[2018-06-12T11:09:44.697] [WARN] dateFileLog - GET /view/css/base.css
[2018-06-12T11:09:44.704] [WARN] dateFileLog - GET /view/js/jquery-3.3.1.min.js
[2018-06-12T11:09:44.705] [WARN] dateFileLog - GET /view/image/logo-convert.png
[2018-06-12T11:09:44.707] [WARN] dateFileLog - GET /view/image/windows2000.png
[2018-06-12T11:09:44.707] [WARN] dateFileLog - GET /index.js
[2018-06-12T11:09:44.708] [WARN] dateFileLog - GET /view/image/loading.gif
[2018-06-12T11:09:57.484] [WARN] dateFileLog - GET /view/image/windows2000.png
[2018-06-12T11:12:27.905] [INFO] dateFileLog - GET /
[2018-06-12T11:12:27.920] [WARN] dateFileLog - GET /view/css/base.css
[2018-06-12T11:12:27.928] [WARN] dateFileLog - GET /view/js/jquery-3.3.1.min.js
[2018-06-12T11:12:27.930] [WARN] dateFileLog - GET /view/image/logo-convert.png
[2018-06-12T11:12:27.935] [WARN] dateFileLog - GET /view/image/windows2000.png
[2018-06-12T11:12:27.938] [WARN] dateFileLog - GET /index.js
[2018-06-12T11:12:27.942] [WARN] dateFileLog - GET /view/image/loading.gif
[2018-06-12T11:12:57.067] [INFO] dateFileLog - GET /
[2018-06-12T11:12:57.079] [WARN] dateFileLog - GET /view/js/jquery-3.3.1.min.js
[2018-06-12T11:12:57.080] [WARN] dateFileLog - GET /view/image/loading.gif
[2018-06-12T11:12:57.081] [INFO] dateFileLog - GET /view/css/base.css
[2018-06-12T11:12:57.081] [INFO] dateFileLog - GET /view/image/logo-convert.png
[2018-06-12T11:12:57.082] [INFO] dateFileLog - GET /index.js
[2018-06-12T11:12:57.093] [INFO] dateFileLog - GET /view/image/windows2000.png
[2018-06-12T11:13:25.360] [INFO] dateFileLog - GET /
[2018-06-12T11:13:25.368] [INFO] dateFileLog - GET /view/css/base.css
[2018-06-12T11:13:25.374] [INFO] dateFileLog - GET /view/image/logo-convert.png
[2018-06-12T11:13:25.378] [INFO] dateFileLog - GET /view/image/loading.gif
[2018-06-12T11:13:25.386] [INFO] dateFileLog - GET /view/js/jquery-3.3.1.min.js
[2018-06-12T11:13:25.393] [INFO] dateFileLog - GET /view/image/windows2000.png
[2018-06-12T11:13:25.459] [INFO] dateFileLog - GET /index.js
[2018-06-12T11:14:08.807] [INFO] dateFileLog - GET /
[2018-06-12T11:14:08.817] [INFO] dateFileLog - GET /view/css/base.css
[2018-06-12T11:14:08.822] [INFO] dateFileLog - GET /view/image/logo-convert.png
[2018-06-12T11:14:08.828] [INFO] dateFileLog - GET /view/image/loading.gif
[2018-06-12T11:14:08.835] [INFO] dateFileLog - GET /view/js/jquery-3.3.1.min.js
[2018-06-12T11:14:08.847] [INFO] dateFileLog - GET /view/image/windows2000.png
[2018-06-12T11:14:08.893] [INFO] dateFileLog - GET /index.js
[2018-06-12T11:16:19.636] [INFO] dateFileLog - GET /
[2018-06-12T11:16:19.646] [INFO] dateFileLog - GET /view/css/base.css
[2018-06-12T11:16:19.653] [INFO] dateFileLog - GET /view/image/logo-convert.png
[2018-06-12T11:16:19.655] [INFO] dateFileLog - GET /view/image/loading.gif
[2018-06-12T11:16:19.667] [INFO] dateFileLog - GET /view/js/jquery-3.3.1.min.js
[2018-06-12T11:16:19.687] [INFO] dateFileLog - GET /view/image/windows2000.png
[2018-06-12T11:16:19.716] [INFO] dateFileLog - GET /index.js
[2018-06-12T11:16:19.811] [INFO] dateFileLog - GET /nodejsProject/webServer/favicon.ico
[2018-06-12T11:17:32.960] [INFO] dateFileLog - GET /
[2018-06-12T11:17:33.153] [WARN] dateFileLog - GET /view/css/base.css
[2018-06-12T11:17:33.154] [WARN] dateFileLog - GET /view/image/logo-convert.png
[2018-06-12T11:17:33.156] [WARN] dateFileLog - GET /view/image/windows2000.png
[2018-06-12T11:17:33.161] [WARN] dateFileLog - GET /view/image/loading.gif
[2018-06-12T11:17:33.161] [WARN] dateFileLog - GET /view/js/jquery-3.3.1.min.js
[2018-06-12T11:17:33.164] [WARN] dateFileLog - GET /index.js
[2018-06-12T11:17:41.460] [INFO] dateFileLog - GET /favicon.ico
[2018-06-12T11:18:08.451] [INFO] dateFileLog - GET /favicon.ico
[2018-06-12T11:18:18.126] [INFO] dateFileLog - GET /nodejsProject/webServer/favicon.ico
[2018-06-12T11:18:23.728] [WARN] dateFileLog - GET /view/css/base.css
[2018-06-12T11:18:25.974] [WARN] dateFileLog - GET /
[2018-06-12T11:18:25.984] [WARN] dateFileLog - GET /view/css/base.css
[2018-06-12T11:18:25.988] [WARN] dateFileLog - GET /view/js/jquery-3.3.1.min.js
[2018-06-12T11:18:25.988] [WARN] dateFileLog - GET /view/image/logo-convert.png
[2018-06-12T11:18:25.990] [WARN] dateFileLog - GET /view/image/loading.gif
[2018-06-12T11:18:25.991] [WARN] dateFileLog - GET /index.js
[2018-06-12T11:18:25.992] [WARN] dateFileLog - GET /view/image/windows2000.png
[2018-06-12T11:18:26.036] [WARN] dateFileLog - GET /nodejsProject/webServer/favicon.ico
[2018-06-12T11:18:26.161] [WARN] dateFileLog - GET /view/image/windows2000.png
[2018-06-12T11:18:41.637] [WARN] dateFileLog - GET /nodejsProject/webServer/favicon.ico
[2018-06-12T11:19:04.123] [INFO] dateFileLog - GET /
[2018-06-12T11:19:04.143] [WARN] dateFileLog - GET /view/css/base.css
[2018-06-12T11:19:04.147] [WARN] dateFileLog - GET /view/js/jquery-3.3.1.min.js
[2018-06-12T11:19:04.149] [WARN] dateFileLog - GET /index.js
[2018-06-12T11:19:04.150] [WARN] dateFileLog - GET /view/image/windows2000.png
[2018-06-12T11:19:04.152] [WARN] dateFileLog - GET /view/image/loading.gif
[2018-06-12T11:19:04.152] [WARN] dateFileLog - GET /view/image/logo-convert.png
[2018-06-12T11:19:20.136] [INFO] dateFileLog - GET /
[2018-06-12T11:19:20.150] [WARN] dateFileLog - GET /view/css/base.css
[2018-06-12T11:19:20.155] [WARN] dateFileLog - GET /view/image/logo-convert.png
[2018-06-12T11:19:20.155] [WARN] dateFileLog - GET /view/js/jquery-3.3.1.min.js
[2018-06-12T11:19:20.157] [WARN] dateFileLog - GET /view/image/loading.gif
[2018-06-12T11:19:20.159] [WARN] dateFileLog - GET /view/image/windows2000.png
[2018-06-12T11:19:20.161] [WARN] dateFileLog - GET /index.js
[2018-06-12T11:20:00.704] [WARN] dateFileLog - GET /
[2018-06-12T11:20:00.732] [WARN] dateFileLog - GET /view/css/base.css
[2018-06-12T11:20:00.734] [WARN] dateFileLog - GET /view/image/logo-convert.png
[2018-06-12T11:20:00.738] [WARN] dateFileLog - GET /view/js/jquery-3.3.1.min.js
[2018-06-12T11:20:00.740] [WARN] dateFileLog - GET /index.js
[2018-06-12T11:20:00.741] [WARN] dateFileLog - GET /view/image/loading.gif
[2018-06-12T11:20:00.742] [WARN] dateFileLog - GET /view/image/windows2000.png
[2018-06-12T11:20:27.986] [INFO] dateFileLog - GET /
[2018-06-12T11:20:28.002] [WARN] dateFileLog - GET /view/css/base.css
[2018-06-12T11:20:28.004] [WARN] dateFileLog - GET /view/image/logo-convert.png
[2018-06-12T11:20:28.006] [WARN] dateFileLog - GET /view/js/jquery-3.3.1.min.js
[2018-06-12T11:20:28.008] [WARN] dateFileLog - GET /view/image/windows2000.png
[2018-06-12T11:20:28.010] [WARN] dateFileLog - GET /view/image/loading.gif
[2018-06-12T11:20:28.016] [WARN] dateFileLog - GET /index.js
[2018-06-12T11:20:28.050] [INFO] dateFileLog - GET /view/image/ficon.png
[2018-06-12T11:21:20.817] [INFO] dateFileLog - GET /
[2018-06-12T11:21:20.834] [WARN] dateFileLog - GET /view/css/base.css
[2018-06-12T11:21:20.836] [WARN] dateFileLog - GET /view/image/logo-convert.png
[2018-06-12T11:21:20.837] [WARN] dateFileLog - GET /view/js/jquery-3.3.1.min.js
[2018-06-12T11:21:20.841] [WARN] dateFileLog - GET /view/image/loading.gif
[2018-06-12T11:21:20.845] [WARN] dateFileLog - GET /view/image/windows2000.png
[2018-06-12T11:21:20.846] [WARN] dateFileLog - GET /index.js
[2018-06-12T11:21:20.881] [INFO] dateFileLog - GET /view/image/favicon.ico
[2018-06-12T11:22:11.513] [INFO] dateFileLog - GET /
[2018-06-12T11:22:11.527] [WARN] dateFileLog - GET /view/css/base.css
[2018-06-12T11:22:11.529] [WARN] dateFileLog - GET /view/image/logo-convert.png
[2018-06-12T11:22:11.530] [WARN] dateFileLog - GET /view/js/jquery-3.3.1.min.js
[2018-06-12T11:22:11.531] [WARN] dateFileLog - GET /index.js
[2018-06-12T11:22:11.532] [WARN] dateFileLog - GET /view/image/windows2000.png
[2018-06-12T11:22:56.611] [INFO] dateFileLog - GET /
[2018-06-12T11:22:56.621] [WARN] dateFileLog - GET /view/css/base.css
[2018-06-12T11:22:56.623] [WARN] dateFileLog - GET /view/image/logo-convert.png
[2018-06-12T11:22:56.624] [WARN] dateFileLog - GET /view/image/windows2000.png
[2018-06-12T11:22:56.626] [WARN] dateFileLog - GET /view/js/jquery-3.3.1.min.js
[2018-06-12T11:22:56.627] [WARN] dateFileLog - GET /index.js
[2018-06-12T11:22:56.708] [INFO] dateFileLog - GET /view/image/favicon.ico
