[2018-06-17T18:49:15.586] [INFO] dateFileLog - GET /
[2018-06-17T18:49:15.594] [WARN] dateFileLog - GET /view/image/logo-convert.png
[2018-06-17T18:49:15.596] [WARN] dateFileLog - GET /view/js/jquery-3.3.1.min.js
[2018-06-17T18:49:15.597] [INFO] dateFileLog - GET /view/css/base.css
[2018-06-17T18:49:15.598] [INFO] dateFileLog - GET /view/image/unselect.png
[2018-06-17T18:49:15.598] [INFO] dateFileLog - GET /view/image/loading_3.gif
[2018-06-17T18:49:15.600] [INFO] dateFileLog - GET /index.js
[2018-06-17T18:49:20.095] [INFO] dateFileLog - POST /upload_file
[2018-06-17T18:51:33.424] [WARN] dateFileLog - GET /
[2018-06-17T18:51:33.428] [WARN] dateFileLog - GET /view/css/base.css
[2018-06-17T18:51:33.432] [WARN] dateFileLog - GET /view/image/logo-convert.png
[2018-06-17T18:51:33.433] [WARN] dateFileLog - GET /view/image/unselect.png
[2018-06-17T18:51:33.433] [WARN] dateFileLog - GET /view/image/loading_3.gif
[2018-06-17T18:51:33.438] [WARN] dateFileLog - GET /download?name=ÙØç¡ËÎÒØ¥baihfghhimfbg&befor_type=mÚ×&after_type=nÚÕÌ&input_test=&width=&height=&rotate=&position=sÑËÚÈÃß&color=gÎÍÄÎ
[2018-06-17T18:51:33.439] [WARN] dateFileLog - GET /view/js/jquery-3.3.1.min.js
[2018-06-17T18:51:33.456] [INFO] dateFileLog - GET /index.js
[2018-06-17T18:51:37.526] [INFO] dateFileLog - POST /upload_file
[2018-06-17T18:53:53.134] [WARN] dateFileLog - GET /
[2018-06-17T18:53:53.345] [WARN] dateFileLog - GET /view/css/base.css
[2018-06-17T18:53:53.346] [WARN] dateFileLog - GET /view/image/logo-convert.png
[2018-06-17T18:53:53.347] [WARN] dateFileLog - GET /view/js/jquery-3.3.1.min.js
[2018-06-17T18:53:53.351] [WARN] dateFileLog - GET /view/image/loading_3.gif
[2018-06-17T18:53:53.353] [WARN] dateFileLog - GET /view/image/unselect.png
[2018-06-17T18:53:53.354] [INFO] dateFileLog - GET /index.js
[2018-06-17T18:53:57.028] [INFO] dateFileLog - POST /upload_file
[2018-06-17T18:53:59.963] [INFO] dateFileLog - GET /download?name=%C2%8C%C3%99%C3%98%C3%A7%C2%A1%C2%97%C3%8B%C3%8E%C3%92%C3%98%C2%A5baihfghhimhhl&befor_type=m%C3%9A%C3%97&after_type=n%C3%9A%C3%95%C3%8C&input_test=&width=&height=&rotate=&position=s%C3%91%C3%8B%C3%9A%C3%88%C3%83%C3%9F&color=g%C3%8E%C3%8D%C3%84%C3%8E
[2018-06-17T18:56:51.734] [INFO] dateFileLog - GET /
[2018-06-17T18:56:51.739] [INFO] dateFileLog - GET /view/css/base.css
[2018-06-17T18:56:51.743] [INFO] dateFileLog - GET /view/image/logo-convert.png
[2018-06-17T18:56:51.745] [INFO] dateFileLog - GET /view/image/loading_3.gif
[2018-06-17T18:56:51.747] [INFO] dateFileLog - GET /view/image/unselect.png
[2018-06-17T18:56:51.752] [INFO] dateFileLog - GET /view/js/jquery-3.3.1.min.js
[2018-06-17T18:56:51.826] [INFO] dateFileLog - GET /index.js
[2018-06-17T18:56:58.161] [INFO] dateFileLog - POST /upload_file
[2018-06-17T18:57:11.942] [INFO] dateFileLog - GET /download?name=ÙØç¡ËÎÒØ¥baihfghhimkkm&befor_type=mÚ×&after_type=nÚÕÌ&input_test=&width=&height=&rotate=&position=sÑËÚÈÃß&color=gÎÍÄÎ
[2018-06-17T18:57:52.878] [INFO] dateFileLog - GET /download?name=ÙØç¡ËÎÒØ¥baihfghhimkkm&befor_type=mÚ×&after_type=nÚÕÌ&input_test=&width=&height=&rotate=&position=sÑËÚÈÃß&color=gÎÍÄÎ
